<?xml version="1.0" encoding="UTF-8"?>
<testng-results ignored="0" total="6" passed="6" failed="0" skipped="0">
  <reporter-output>
  </reporter-output>
  <suite started-at="2024-05-29T17:22:39 IST" name="Suite" finished-at="2024-05-29T17:23:11 IST" duration-ms="31752">
    <groups>
    </groups>
    <test started-at="2024-05-29T17:22:39 IST" name="Test" finished-at="2024-05-29T17:22:53 IST" duration-ms="13873">
      <class name="com.parabanktest.LoginTest">
        <test-method signature="login(java.lang.String)[pri:3, instance:com.parabanktest.LoginTest@184497d1]" started-at="2024-05-29T17:22:50 IST" name="login" finished-at="2024-05-29T17:22:53 IST" duration-ms="2710" status="PASS">
          <params>
            <param index="0">
              <value>
                <![CDATA[Anvi18]]>
              </value>
            </param>
          </params>
          <reporter-output>
          </reporter-output>
        </test-method> <!-- login -->
      </class> <!-- com.parabanktest.LoginTest -->
      <class name="com.parabanktest.AccountTest">
        <test-method signature="accountSuccess(java.lang.String,java.lang.String)[pri:1, instance:com.parabanktest.AccountTest@78aea4b9]" started-at="2024-05-29T17:22:39 IST" name="accountSuccess" finished-at="2024-05-29T17:22:49 IST" duration-ms="10465" status="PASS">
          <params>
            <param index="0">
              <value>
                <![CDATA[chrome]]>
              </value>
            </param>
            <param index="1">
              <value>
                <![CDATA[Anvi18]]>
              </value>
            </param>
          </params>
          <reporter-output>
          </reporter-output>
        </test-method> <!-- accountSuccess -->
      </class> <!-- com.parabanktest.AccountTest -->
      <class name="com.parabanktest.LogoutTest">
        <test-method signature="logoutaccount()[pri:2, instance:com.parabanktest.LogoutTest@76a36b71]" started-at="2024-05-29T17:22:49 IST" name="logoutaccount" finished-at="2024-05-29T17:22:50 IST" duration-ms="646" status="PASS">
          <reporter-output>
          </reporter-output>
        </test-method> <!-- logoutaccount -->
      </class> <!-- com.parabanktest.LogoutTest -->
    </test> <!-- Test -->
    <test started-at="2024-05-29T17:22:53 IST" name="Test1" finished-at="2024-05-29T17:23:11 IST" duration-ms="17377">
      <class name="com.parabanktest.LoginTest">
        <test-method signature="login(java.lang.String)[pri:3, instance:com.parabanktest.LoginTest@62dae245]" started-at="2024-05-29T17:23:08 IST" name="login" finished-at="2024-05-29T17:23:11 IST" duration-ms="3040" status="PASS">
          <params>
            <param index="0">
              <value>
                <![CDATA[Anvi19]]>
              </value>
            </param>
          </params>
          <reporter-output>
          </reporter-output>
        </test-method> <!-- login -->
      </class> <!-- com.parabanktest.LoginTest -->
      <class name="com.parabanktest.AccountTest">
        <test-method signature="accountSuccess(java.lang.String,java.lang.String)[pri:1, instance:com.parabanktest.AccountTest@3a4e343]" started-at="2024-05-29T17:22:53 IST" name="accountSuccess" finished-at="2024-05-29T17:23:06 IST" duration-ms="12877" status="PASS">
          <params>
            <param index="0">
              <value>
                <![CDATA[edge]]>
              </value>
            </param>
            <param index="1">
              <value>
                <![CDATA[Anvi19]]>
              </value>
            </param>
          </params>
          <reporter-output>
          </reporter-output>
        </test-method> <!-- accountSuccess -->
      </class> <!-- com.parabanktest.AccountTest -->
      <class name="com.parabanktest.LogoutTest">
        <test-method signature="logoutaccount()[pri:2, instance:com.parabanktest.LogoutTest@6a1d204a]" started-at="2024-05-29T17:23:06 IST" name="logoutaccount" finished-at="2024-05-29T17:23:08 IST" duration-ms="1453" status="PASS">
          <reporter-output>
          </reporter-output>
        </test-method> <!-- logoutaccount -->
      </class> <!-- com.parabanktest.LogoutTest -->
    </test> <!-- Test1 -->
  </suite> <!-- Suite -->
</testng-results>
