<?xml version="1.0" encoding="UTF-8"?>
<!-- Generated by org.testng.reporters.JUnitXMLReporter -->
<testsuite ignored="0" hostname="LAPTOP-7099IJKT" failures="0" tests="3" name="Test1" time="17.377" errors="0" timestamp="2024-05-29T17:23:11 IST">
  <testcase classname="com.parabanktest.AccountTest" name="accountSuccess" time="12.877"/>
  <testcase classname="com.parabanktest.LogoutTest" name="logoutaccount" time="1.453"/>
  <testcase classname="com.parabanktest.LoginTest" name="login" time="3.04"/>
</testsuite> <!-- Test1 -->
