<?xml version="1.0" encoding="UTF-8"?>
<!-- Generated by org.testng.reporters.JUnitXMLReporter -->
<testsuite ignored="0" hostname="LAPTOP-7099IJKT" failures="0" tests="3" name="Test" time="13.873" errors="0" timestamp="2024-05-29T17:22:53 IST">
  <testcase classname="com.parabanktest.AccountTest" name="accountSuccess" time="10.465"/>
  <testcase classname="com.parabanktest.LogoutTest" name="logoutaccount" time="0.646"/>
  <testcase classname="com.parabanktest.LoginTest" name="login" time="2.71"/>
</testsuite> <!-- Test -->
